<?xml version="1.0" encoding="UTF-8"?>
<testsuites name="jest tests" tests="1" failures="0" errors="0" time="2.991">
  <testsuite name="FlameGraph" errors="0" failures="0" skipped="0" timestamp="2022-08-15T19:35:01" time="2.31" tests="1">
    <testcase classname="FlameGraph should render children" name="FlameGraph should render children" time="0.66">
    </testcase>
  </testsuite>
</testsuites>